Determining if the pthread_create exist failed with the following output:
Change Dir: /home/weihuang/catkin_test2/build/turtlebot3_bringup/CMakeFiles/CMakeTmp

Run Build Command:"/usr/bin/make" "cmTC_1caae/fast"
/usr/bin/make -f CMakeFiles/cmTC_1caae.dir/build.make CMakeFiles/cmTC_1caae.dir/build
make[1]: Entering directory '/home/weihuang/catkin_test2/build/turtlebot3_bringup/CMakeFiles/CMakeTmp'
Building C object CMakeFiles/cmTC_1caae.dir/CheckSymbolExists.c.o
/usr/bin/cc    -o CMakeFiles/cmTC_1caae.dir/CheckSymbolExists.c.o   -c /home/weihuang/catkin_test2/build/turtlebot3_bringup/CMakeFiles/CMakeTmp/CheckSymbolExists.c
Linking C executable cmTC_1caae
/usr/bin/cmake -E cmake_link_script CMakeFiles/cmTC_1caae.dir/link.txt --verbose=1
/usr/bin/cc      -rdynamic CMakeFiles/cmTC_1caae.dir/CheckSymbolExists.c.o  -o cmTC_1caae 
CMakeFiles/cmTC_1caae.dir/CheckSymbolExists.c.o: In function `main':
CheckSymbolExists.c:(.text+0x1b): undefined reference to `pthread_create'
collect2: error: ld returned 1 exit status
CMakeFiles/cmTC_1caae.dir/build.make:97: recipe for target 'cmTC_1caae' failed
make[1]: *** [cmTC_1caae] Error 1
make[1]: Leaving directory '/home/weihuang/catkin_test2/build/turtlebot3_bringup/CMakeFiles/CMakeTmp'
Makefile:126: recipe for target 'cmTC_1caae/fast' failed
make: *** [cmTC_1caae/fast] Error 2

File /home/weihuang/catkin_test2/build/turtlebot3_bringup/CMakeFiles/CMakeTmp/CheckSymbolExists.c:
/* */
#include <pthread.h>

int main(int argc, char** argv)
{
  (void)argv;
#ifndef pthread_create
  return ((int*)(&pthread_create))[argc];
#else
  (void)argc;
  return 0;
#endif
}

Determining if the function pthread_create exists in the pthreads failed with the following output:
Change Dir: /home/weihuang/catkin_test2/build/turtlebot3_bringup/CMakeFiles/CMakeTmp

Run Build Command:"/usr/bin/make" "cmTC_1c456/fast"
/usr/bin/make -f CMakeFiles/cmTC_1c456.dir/build.make CMakeFiles/cmTC_1c456.dir/build
make[1]: Entering directory '/home/weihuang/catkin_test2/build/turtlebot3_bringup/CMakeFiles/CMakeTmp'
Building C object CMakeFiles/cmTC_1c456.dir/CheckFunctionExists.c.o
/usr/bin/cc   -DCHECK_FUNCTION_EXISTS=pthread_create   -o CMakeFiles/cmTC_1c456.dir/CheckFunctionExists.c.o   -c /usr/share/cmake-3.10/Modules/CheckFunctionExists.c
Linking C executable cmTC_1c456
/usr/bin/cmake -E cmake_link_script CMakeFiles/cmTC_1c456.dir/link.txt --verbose=1
/usr/bin/cc  -DCHECK_FUNCTION_EXISTS=pthread_create    -rdynamic CMakeFiles/cmTC_1c456.dir/CheckFunctionExists.c.o  -o cmTC_1c456 -lpthreads 
/usr/bin/ld: cannot find -lpthreads
collect2: error: ld returned 1 exit status
CMakeFiles/cmTC_1c456.dir/build.make:97: recipe for target 'cmTC_1c456' failed
make[1]: *** [cmTC_1c456] Error 1
make[1]: Leaving directory '/home/weihuang/catkin_test2/build/turtlebot3_bringup/CMakeFiles/CMakeTmp'
Makefile:126: recipe for target 'cmTC_1c456/fast' failed
make: *** [cmTC_1c456/fast] Error 2


