Determining if the pthread_create exist failed with the following output:
Change Dir: /home/weihuang/catkin_test/build/CMakeFiles/CMakeTmp

Run Build Command:"/usr/bin/make" "cmTC_33c7b/fast"
/usr/bin/make -f CMakeFiles/cmTC_33c7b.dir/build.make CMakeFiles/cmTC_33c7b.dir/build
make[1]: Entering directory '/home/weihuang/catkin_test/build/CMakeFiles/CMakeTmp'
Building C object CMakeFiles/cmTC_33c7b.dir/CheckSymbolExists.c.o
/usr/bin/cc    -o CMakeFiles/cmTC_33c7b.dir/CheckSymbolExists.c.o   -c /home/weihuang/catkin_test/build/CMakeFiles/CMakeTmp/CheckSymbolExists.c
Linking C executable cmTC_33c7b
/usr/bin/cmake -E cmake_link_script CMakeFiles/cmTC_33c7b.dir/link.txt --verbose=1
/usr/bin/cc      -rdynamic CMakeFiles/cmTC_33c7b.dir/CheckSymbolExists.c.o  -o cmTC_33c7b 
CMakeFiles/cmTC_33c7b.dir/CheckSymbolExists.c.o: In function `main':
CheckSymbolExists.c:(.text+0x1b): undefined reference to `pthread_create'
collect2: error: ld returned 1 exit status
CMakeFiles/cmTC_33c7b.dir/build.make:97: recipe for target 'cmTC_33c7b' failed
make[1]: *** [cmTC_33c7b] Error 1
make[1]: Leaving directory '/home/weihuang/catkin_test/build/CMakeFiles/CMakeTmp'
Makefile:126: recipe for target 'cmTC_33c7b/fast' failed
make: *** [cmTC_33c7b/fast] Error 2

File /home/weihuang/catkin_test/build/CMakeFiles/CMakeTmp/CheckSymbolExists.c:
/* */
#include <pthread.h>

int main(int argc, char** argv)
{
  (void)argv;
#ifndef pthread_create
  return ((int*)(&pthread_create))[argc];
#else
  (void)argc;
  return 0;
#endif
}

Determining if the function pthread_create exists in the pthreads failed with the following output:
Change Dir: /home/weihuang/catkin_test/build/CMakeFiles/CMakeTmp

Run Build Command:"/usr/bin/make" "cmTC_fe0b9/fast"
/usr/bin/make -f CMakeFiles/cmTC_fe0b9.dir/build.make CMakeFiles/cmTC_fe0b9.dir/build
make[1]: Entering directory '/home/weihuang/catkin_test/build/CMakeFiles/CMakeTmp'
Building C object CMakeFiles/cmTC_fe0b9.dir/CheckFunctionExists.c.o
/usr/bin/cc   -DCHECK_FUNCTION_EXISTS=pthread_create   -o CMakeFiles/cmTC_fe0b9.dir/CheckFunctionExists.c.o   -c /usr/share/cmake-3.10/Modules/CheckFunctionExists.c
Linking C executable cmTC_fe0b9
/usr/bin/cmake -E cmake_link_script CMakeFiles/cmTC_fe0b9.dir/link.txt --verbose=1
/usr/bin/cc  -DCHECK_FUNCTION_EXISTS=pthread_create    -rdynamic CMakeFiles/cmTC_fe0b9.dir/CheckFunctionExists.c.o  -o cmTC_fe0b9 -lpthreads 
/usr/bin/ld: cannot find -lpthreads
collect2: error: ld returned 1 exit status
CMakeFiles/cmTC_fe0b9.dir/build.make:97: recipe for target 'cmTC_fe0b9' failed
make[1]: *** [cmTC_fe0b9] Error 1
make[1]: Leaving directory '/home/weihuang/catkin_test/build/CMakeFiles/CMakeTmp'
Makefile:126: recipe for target 'cmTC_fe0b9/fast' failed
make: *** [cmTC_fe0b9/fast] Error 2


