Determining if the pthread_create exist failed with the following output:
Change Dir: /home/weihuang/catkin_test2/build/turtlebot3_gazebo/CMakeFiles/CMakeTmp

Run Build Command:"/usr/bin/make" "cmTC_27957/fast"
/usr/bin/make -f CMakeFiles/cmTC_27957.dir/build.make CMakeFiles/cmTC_27957.dir/build
make[1]: Entering directory '/home/weihuang/catkin_test2/build/turtlebot3_gazebo/CMakeFiles/CMakeTmp'
Building C object CMakeFiles/cmTC_27957.dir/CheckSymbolExists.c.o
/usr/bin/cc    -o CMakeFiles/cmTC_27957.dir/CheckSymbolExists.c.o   -c /home/weihuang/catkin_test2/build/turtlebot3_gazebo/CMakeFiles/CMakeTmp/CheckSymbolExists.c
Linking C executable cmTC_27957
/usr/bin/cmake -E cmake_link_script CMakeFiles/cmTC_27957.dir/link.txt --verbose=1
/usr/bin/cc      -rdynamic CMakeFiles/cmTC_27957.dir/CheckSymbolExists.c.o  -o cmTC_27957 
CMakeFiles/cmTC_27957.dir/CheckSymbolExists.c.o: In function `main':
CheckSymbolExists.c:(.text+0x1b): undefined reference to `pthread_create'
collect2: error: ld returned 1 exit status
CMakeFiles/cmTC_27957.dir/build.make:97: recipe for target 'cmTC_27957' failed
make[1]: *** [cmTC_27957] Error 1
make[1]: Leaving directory '/home/weihuang/catkin_test2/build/turtlebot3_gazebo/CMakeFiles/CMakeTmp'
Makefile:126: recipe for target 'cmTC_27957/fast' failed
make: *** [cmTC_27957/fast] Error 2

File /home/weihuang/catkin_test2/build/turtlebot3_gazebo/CMakeFiles/CMakeTmp/CheckSymbolExists.c:
/* */
#include <pthread.h>

int main(int argc, char** argv)
{
  (void)argv;
#ifndef pthread_create
  return ((int*)(&pthread_create))[argc];
#else
  (void)argc;
  return 0;
#endif
}

Determining if the function pthread_create exists in the pthreads failed with the following output:
Change Dir: /home/weihuang/catkin_test2/build/turtlebot3_gazebo/CMakeFiles/CMakeTmp

Run Build Command:"/usr/bin/make" "cmTC_060d6/fast"
/usr/bin/make -f CMakeFiles/cmTC_060d6.dir/build.make CMakeFiles/cmTC_060d6.dir/build
make[1]: Entering directory '/home/weihuang/catkin_test2/build/turtlebot3_gazebo/CMakeFiles/CMakeTmp'
Building C object CMakeFiles/cmTC_060d6.dir/CheckFunctionExists.c.o
/usr/bin/cc   -DCHECK_FUNCTION_EXISTS=pthread_create   -o CMakeFiles/cmTC_060d6.dir/CheckFunctionExists.c.o   -c /usr/share/cmake-3.10/Modules/CheckFunctionExists.c
Linking C executable cmTC_060d6
/usr/bin/cmake -E cmake_link_script CMakeFiles/cmTC_060d6.dir/link.txt --verbose=1
/usr/bin/cc  -DCHECK_FUNCTION_EXISTS=pthread_create    -rdynamic CMakeFiles/cmTC_060d6.dir/CheckFunctionExists.c.o  -o cmTC_060d6 -lpthreads 
/usr/bin/ld: cannot find -lpthreads
collect2: error: ld returned 1 exit status
CMakeFiles/cmTC_060d6.dir/build.make:97: recipe for target 'cmTC_060d6' failed
make[1]: *** [cmTC_060d6] Error 1
make[1]: Leaving directory '/home/weihuang/catkin_test2/build/turtlebot3_gazebo/CMakeFiles/CMakeTmp'
Makefile:126: recipe for target 'cmTC_060d6/fast' failed
make: *** [cmTC_060d6/fast] Error 2


